2014/04/04 08:06:52 [error] [exception.CDbException] exception 'CDbException' with message 'CDbConnection failed to open the DB connection: SQLSTATE[HY000] [1049] Unknown database 'eCoomerce'' in /opt/lampp/htdocs/yii_framework/framework/db/CDbConnection.php:382
Stack trace:
#0 /opt/lampp/htdocs/yii_framework/framework/db/CDbConnection.php(330): CDbConnection->open()
#1 /opt/lampp/htdocs/yii_framework/framework/db/CDbConnection.php(308): CDbConnection->setActive(true)
#2 /opt/lampp/htdocs/yii_framework/framework/base/CModule.php(387): CDbConnection->init()
#3 /opt/lampp/htdocs/yii_framework/framework/base/CModule.php(103): CModule->getComponent('db')
#4 /opt/lampp/htdocs/yii_framework/framework/gii/generators/model/ModelCode.php(60): CModule->__get('db')
#5 /opt/lampp/htdocs/yii_framework/framework/web/CFormModel.php(39): ModelCode->init()
#6 /opt/lampp/htdocs/yii_framework/framework/gii/CCodeGenerator.php(153): CFormModel->__construct()
#7 /opt/lampp/htdocs/yii_framework/framework/gii/CCodeGenerator.php(63): CCodeGenerator->prepare()
#8 /opt/lampp/htdocs/yii_framework/framework/web/actions/CInlineAction.php(49): CCodeGenerator->actionIndex()
#9 /opt/lampp/htdocs/yii_framework/framework/web/CController.php(308): CInlineAction->runWithParams(Array)
#10 /opt/lampp/htdocs/yii_framework/framework/web/CController.php(286): CController->runAction(Object(CInlineAction))
#11 /opt/lampp/htdocs/yii_framework/framework/web/CController.php(265): CController->runActionWithFilters(Object(CInlineAction), Array)
#12 /opt/lampp/htdocs/yii_framework/framework/web/CWebApplication.php(282): CController->run('index')
#13 /opt/lampp/htdocs/yii_framework/framework/web/CWebApplication.php(141): CWebApplication->runController('gii/model/index')
#14 /opt/lampp/htdocs/yii_framework/framework/base/CApplication.php(180): CWebApplication->processRequest()
#15 /opt/lampp/htdocs/eCommerce/index.php(13): CApplication->run()
#16 {main}
REQUEST_URI=/eCommerce/index.php/gii/model/index
HTTP_REFERER=http://localhost/eCommerce/index.php/gii/default/index
---
2014/04/04 08:49:28 [warning] [application] Failed to set unsafe attribute "address" of "Users".
in /opt/lampp/htdocs/eCommerce/protected/controllers/UsersController.php (169)
in /opt/lampp/htdocs/eCommerce/protected/controllers/UsersController.php (68)
in /opt/lampp/htdocs/eCommerce/index.php (13)
2014/04/04 08:49:30 [warning] [application] Failed to set unsafe attribute "address" of "Users".
in /opt/lampp/htdocs/eCommerce/protected/controllers/UsersController.php (169)
in /opt/lampp/htdocs/eCommerce/protected/controllers/UsersController.php (68)
in /opt/lampp/htdocs/eCommerce/index.php (13)
2014/04/04 08:49:31 [warning] [application] Failed to set unsafe attribute "address" of "Users".
in /opt/lampp/htdocs/eCommerce/protected/controllers/UsersController.php (169)
in /opt/lampp/htdocs/eCommerce/protected/controllers/UsersController.php (68)
in /opt/lampp/htdocs/eCommerce/index.php (13)
2014/04/04 08:49:32 [warning] [application] Failed to set unsafe attribute "address" of "Users".
in /opt/lampp/htdocs/eCommerce/protected/controllers/UsersController.php (169)
in /opt/lampp/htdocs/eCommerce/protected/controllers/UsersController.php (68)
in /opt/lampp/htdocs/eCommerce/index.php (13)
2014/04/04 08:50:24 [warning] [application] Failed to set unsafe attribute "address" of "Users".
in /opt/lampp/htdocs/eCommerce/protected/controllers/UsersController.php (169)
in /opt/lampp/htdocs/eCommerce/protected/controllers/UsersController.php (68)
in /opt/lampp/htdocs/eCommerce/index.php (13)
2014/04/04 08:50:26 [warning] [application] Failed to set unsafe attribute "address" of "Users".
in /opt/lampp/htdocs/eCommerce/protected/controllers/UsersController.php (169)
in /opt/lampp/htdocs/eCommerce/protected/controllers/UsersController.php (68)
in /opt/lampp/htdocs/eCommerce/index.php (13)
2014/04/04 08:50:33 [warning] [application] Failed to set unsafe attribute "address" of "Users".
in /opt/lampp/htdocs/eCommerce/protected/controllers/UsersController.php (169)
in /opt/lampp/htdocs/eCommerce/protected/controllers/UsersController.php (68)
in /opt/lampp/htdocs/eCommerce/index.php (13)
2014/04/04 08:58:30 [warning] [application] Failed to set unsafe attribute "address" of "Users".
in /opt/lampp/htdocs/eCommerce/protected/controllers/UsersController.php (169)
in /opt/lampp/htdocs/eCommerce/protected/controllers/UsersController.php (68)
in /opt/lampp/htdocs/eCommerce/index.php (13)
2014/04/04 08:58:33 [warning] [application] Failed to set unsafe attribute "address" of "Users".
in /opt/lampp/htdocs/eCommerce/protected/controllers/UsersController.php (169)
in /opt/lampp/htdocs/eCommerce/protected/controllers/UsersController.php (68)
in /opt/lampp/htdocs/eCommerce/index.php (13)
2014/04/04 08:58:38 [warning] [application] Failed to set unsafe attribute "address" of "Users".
in /opt/lampp/htdocs/eCommerce/protected/controllers/UsersController.php (169)
in /opt/lampp/htdocs/eCommerce/protected/controllers/UsersController.php (68)
in /opt/lampp/htdocs/eCommerce/index.php (13)
2014/04/04 08:58:48 [warning] [application] Failed to set unsafe attribute "address" of "Users".
in /opt/lampp/htdocs/eCommerce/protected/controllers/UsersController.php (169)
in /opt/lampp/htdocs/eCommerce/protected/controllers/UsersController.php (68)
in /opt/lampp/htdocs/eCommerce/index.php (13)
2014/04/04 08:59:02 [warning] [application] Failed to set unsafe attribute "address" of "Users".
in /opt/lampp/htdocs/eCommerce/protected/controllers/UsersController.php (169)
in /opt/lampp/htdocs/eCommerce/protected/controllers/UsersController.php (68)
in /opt/lampp/htdocs/eCommerce/index.php (13)
2014/04/04 08:59:14 [warning] [application] Failed to set unsafe attribute "address" of "Users".
in /opt/lampp/htdocs/eCommerce/protected/controllers/UsersController.php (72)
in /opt/lampp/htdocs/eCommerce/index.php (13)
2014/04/04 08:59:15 [warning] [application] Failed to set unsafe attribute "address" of "Users".
in /opt/lampp/htdocs/eCommerce/protected/controllers/UsersController.php (169)
in /opt/lampp/htdocs/eCommerce/protected/controllers/UsersController.php (68)
in /opt/lampp/htdocs/eCommerce/index.php (13)
2014/04/04 08:59:46 [warning] [application] Failed to set unsafe attribute "address" of "Users".
in /opt/lampp/htdocs/eCommerce/protected/controllers/UsersController.php (169)
in /opt/lampp/htdocs/eCommerce/protected/controllers/UsersController.php (68)
in /opt/lampp/htdocs/eCommerce/index.php (13)
2014/04/04 08:59:49 [warning] [application] Failed to set unsafe attribute "address" of "Users".
in /opt/lampp/htdocs/eCommerce/protected/controllers/UsersController.php (169)
in /opt/lampp/htdocs/eCommerce/protected/controllers/UsersController.php (68)
in /opt/lampp/htdocs/eCommerce/index.php (13)
2014/04/04 08:59:56 [warning] [application] Failed to set unsafe attribute "address" of "Users".
in /opt/lampp/htdocs/eCommerce/protected/controllers/UsersController.php (169)
in /opt/lampp/htdocs/eCommerce/protected/controllers/UsersController.php (68)
in /opt/lampp/htdocs/eCommerce/index.php (13)
2014/04/04 09:00:02 [warning] [application] Failed to set unsafe attribute "address" of "Users".
in /opt/lampp/htdocs/eCommerce/protected/controllers/UsersController.php (169)
in /opt/lampp/htdocs/eCommerce/protected/controllers/UsersController.php (68)
in /opt/lampp/htdocs/eCommerce/index.php (13)
2014/04/04 09:03:47 [warning] [application] Failed to set unsafe attribute "address" of "Users".
in /opt/lampp/htdocs/eCommerce/protected/controllers/UsersController.php (96)
in /opt/lampp/htdocs/eCommerce/index.php (13)
2014/04/04 09:03:47 [warning] [application] Failed to set unsafe attribute "address" of "Users".
in /opt/lampp/htdocs/eCommerce/protected/controllers/UsersController.php (96)
in /opt/lampp/htdocs/eCommerce/index.php (13)
2014/04/04 09:04:47 [warning] [application] Failed to set unsafe attribute "address" of "Users".
in /opt/lampp/htdocs/eCommerce/protected/controllers/UsersController.php (97)
in /opt/lampp/htdocs/eCommerce/index.php (13)
2014/04/04 09:04:47 [warning] [application] Failed to set unsafe attribute "address" of "Users".
in /opt/lampp/htdocs/eCommerce/protected/controllers/UsersController.php (97)
in /opt/lampp/htdocs/eCommerce/index.php (13)
2014/04/04 09:05:54 [warning] [application] Failed to set unsafe attribute "address" of "Users".
in /opt/lampp/htdocs/eCommerce/protected/controllers/UsersController.php (171)
in /opt/lampp/htdocs/eCommerce/protected/controllers/UsersController.php (68)
in /opt/lampp/htdocs/eCommerce/index.php (13)
2014/04/04 09:09:00 [error] [exception.CHttpException.403] exception 'CHttpException' with message 'You are not authorized to perform this action.' in /opt/lampp/htdocs/yii_framework/framework/web/auth/CAccessControlFilter.php:182
Stack trace:
#0 /opt/lampp/htdocs/yii_framework/framework/web/auth/CAccessControlFilter.php(145): CAccessControlFilter->accessDenied(Object(CWebUser), 'You are not aut...')
#1 /opt/lampp/htdocs/yii_framework/framework/web/filters/CFilter.php(38): CAccessControlFilter->preFilter(Object(CFilterChain))
#2 /opt/lampp/htdocs/yii_framework/framework/web/CController.php(1145): CFilter->filter(Object(CFilterChain))
#3 /opt/lampp/htdocs/yii_framework/framework/web/filters/CInlineFilter.php(58): CController->filterAccessControl(Object(CFilterChain))
#4 /opt/lampp/htdocs/yii_framework/framework/web/filters/CFilterChain.php(130): CInlineFilter->filter(Object(CFilterChain))
#5 /opt/lampp/htdocs/yii_framework/framework/web/CController.php(291): CFilterChain->run()
#6 /opt/lampp/htdocs/yii_framework/framework/web/CController.php(265): CController->runActionWithFilters(Object(CInlineAction), Array)
#7 /opt/lampp/htdocs/yii_framework/framework/web/CWebApplication.php(282): CController->run('admin')
#8 /opt/lampp/htdocs/yii_framework/framework/web/CWebApplication.php(141): CWebApplication->runController('users/admin')
#9 /opt/lampp/htdocs/yii_framework/framework/base/CApplication.php(180): CWebApplication->processRequest()
#10 /opt/lampp/htdocs/eCommerce/index.php(13): CApplication->run()
#11 {main}
REQUEST_URI=/eCommerce/index.php/users/admin
HTTP_REFERER=http://localhost/eCommerce/index.php/users/
---
